c:\users\hp\downloads\vss a view synthesis reference software for ieee 1857.9\vvs\vss\vss\x64\release\vc141.pdb
c:\users\hp\downloads\vss a view synthesis reference software for ieee 1857.9\vvs\vss\vss\x64\release\vss.obj
c:\users\hp\downloads\vss a view synthesis reference software for ieee 1857.9\vvs\vss\vss\x64\release\view.obj
c:\users\hp\downloads\vss a view synthesis reference software for ieee 1857.9\vvs\vss\vss\x64\release\pinhole.obj
c:\users\hp\downloads\vss a view synthesis reference software for ieee 1857.9\vvs\vss\vss\x64\release\parser.obj
c:\users\hp\downloads\vss a view synthesis reference software for ieee 1857.9\vvs\vss\vss\x64\release\merge.obj
c:\users\hp\downloads\vss a view synthesis reference software for ieee 1857.9\vvs\vss\vss\x64\release\matrix.obj
c:\users\hp\downloads\vss a view synthesis reference software for ieee 1857.9\vvs\vss\vss\x64\release\label.obj
c:\users\hp\downloads\vss a view synthesis reference software for ieee 1857.9\vvs\vss\vss\x64\release\hole_filling.obj
c:\users\hp\downloads\vss a view synthesis reference software for ieee 1857.9\vvs\vss\vss\x64\release\fisheye.obj
c:\users\hp\downloads\vss a view synthesis reference software for ieee 1857.9\vvs\vss\vss\x64\release\filter.obj
c:\users\hp\downloads\vss a view synthesis reference software for ieee 1857.9\vvs\vss\vss\x64\release\file.obj
c:\users\hp\downloads\vss a view synthesis reference software for ieee 1857.9\vvs\vss\vss\x64\release\depth.obj
c:\users\hp\downloads\vss a view synthesis reference software for ieee 1857.9\vvs\vss\vss\x64\release\cam_select.obj
c:\users\hp\downloads\vss a view synthesis reference software for ieee 1857.9\vvs\vss\x64\release\vss.exe
c:\users\hp\downloads\vss a view synthesis reference software for ieee 1857.9\vvs\vss\x64\release\vss.pdb
c:\users\hp\downloads\vss a view synthesis reference software for ieee 1857.9\vvs\vss\x64\release\vss.ipdb
c:\users\hp\downloads\vss a view synthesis reference software for ieee 1857.9\vvs\vss\x64\release\vss.iobj
c:\users\hp\downloads\vss a view synthesis reference software for ieee 1857.9\vvs\vss\vss\x64\release\vss.tlog\cl.command.1.tlog
c:\users\hp\downloads\vss a view synthesis reference software for ieee 1857.9\vvs\vss\vss\x64\release\vss.tlog\cl.read.1.tlog
c:\users\hp\downloads\vss a view synthesis reference software for ieee 1857.9\vvs\vss\vss\x64\release\vss.tlog\cl.write.1.tlog
c:\users\hp\downloads\vss a view synthesis reference software for ieee 1857.9\vvs\vss\vss\x64\release\vss.tlog\link.command.1.tlog
c:\users\hp\downloads\vss a view synthesis reference software for ieee 1857.9\vvs\vss\vss\x64\release\vss.tlog\link.read.1.tlog
c:\users\hp\downloads\vss a view synthesis reference software for ieee 1857.9\vvs\vss\vss\x64\release\vss.tlog\link.write.1.tlog
c:\users\hp\downloads\vss a view synthesis reference software for ieee 1857.9\vvs\vss\vss\x64\release\vss.tlog\vss.write.1u.tlog
