c:\users\hp\downloads\vss a view synthesis reference software for ieee 1857.9\vvs\vss\vss\x64\debug\vc141.pdb
c:\users\hp\downloads\vss a view synthesis reference software for ieee 1857.9\vvs\vss\vss\x64\debug\vc141.idb
c:\users\hp\downloads\vss a view synthesis reference software for ieee 1857.9\vvs\vss\vss\x64\debug\vss.obj
c:\users\hp\downloads\vss a view synthesis reference software for ieee 1857.9\vvs\vss\vss\x64\debug\view.obj
c:\users\hp\downloads\vss a view synthesis reference software for ieee 1857.9\vvs\vss\vss\x64\debug\pinhole.obj
c:\users\hp\downloads\vss a view synthesis reference software for ieee 1857.9\vvs\vss\vss\x64\debug\parser.obj
c:\users\hp\downloads\vss a view synthesis reference software for ieee 1857.9\vvs\vss\vss\x64\debug\merge.obj
c:\users\hp\downloads\vss a view synthesis reference software for ieee 1857.9\vvs\vss\vss\x64\debug\matrix.obj
c:\users\hp\downloads\vss a view synthesis reference software for ieee 1857.9\vvs\vss\vss\x64\debug\label.obj
c:\users\hp\downloads\vss a view synthesis reference software for ieee 1857.9\vvs\vss\vss\x64\debug\hole_filling.obj
c:\users\hp\downloads\vss a view synthesis reference software for ieee 1857.9\vvs\vss\vss\x64\debug\fisheye.obj
c:\users\hp\downloads\vss a view synthesis reference software for ieee 1857.9\vvs\vss\vss\x64\debug\filter.obj
c:\users\hp\downloads\vss a view synthesis reference software for ieee 1857.9\vvs\vss\vss\x64\debug\file.obj
c:\users\hp\downloads\vss a view synthesis reference software for ieee 1857.9\vvs\vss\vss\x64\debug\depth.obj
c:\users\hp\downloads\vss a view synthesis reference software for ieee 1857.9\vvs\vss\vss\x64\debug\cam_select.obj
c:\users\hp\downloads\vss a view synthesis reference software for ieee 1857.9\vvs\vss\x64\debug\vss.ilk
c:\users\hp\downloads\vss a view synthesis reference software for ieee 1857.9\vvs\vss\x64\debug\vss.exe
c:\users\hp\downloads\vss a view synthesis reference software for ieee 1857.9\vvs\vss\x64\debug\vss.pdb
c:\users\hp\downloads\vss a view synthesis reference software for ieee 1857.9\vvs\vss\vss\x64\debug\vss.tlog\cl.command.1.tlog
c:\users\hp\downloads\vss a view synthesis reference software for ieee 1857.9\vvs\vss\vss\x64\debug\vss.tlog\cl.read.1.tlog
c:\users\hp\downloads\vss a view synthesis reference software for ieee 1857.9\vvs\vss\vss\x64\debug\vss.tlog\cl.write.1.tlog
c:\users\hp\downloads\vss a view synthesis reference software for ieee 1857.9\vvs\vss\vss\x64\debug\vss.tlog\link.command.1.tlog
c:\users\hp\downloads\vss a view synthesis reference software for ieee 1857.9\vvs\vss\vss\x64\debug\vss.tlog\link.read.1.tlog
c:\users\hp\downloads\vss a view synthesis reference software for ieee 1857.9\vvs\vss\vss\x64\debug\vss.tlog\link.write.1.tlog
